(temp) paalab@test-164129 00_robot_side % python main.py

========================================
   Farm Robot — Robot-side Launcher
========================================
  1. Local control (serial only)
  2. Local control + camera stream
  3. Remote TCP control
  4. Remote TCP + camera stream

  q. Quit
========================================
Select [1-4 / q]: 1
2026-02-25 16:07:44,775 [INFO] Selected: [1] Local control (serial only)

>>> Starting: Local control (serial only)

2026-02-25 16:07:44,775 [INFO] Starting: local_controller.py
2026-02-25 16:07:44,779 [INFO] Running: local_controller.py — press Ctrl+C to stop all
2026-02-25 16:07:44,965 [INFO] Serial port opened: /dev/cu.usbmodem2301 @ 115200 baud
2026-02-25 16:07:44,965 [INFO] Key repeat thread started, rate: 10Hz
2026-02-25 16:07:44,965 [INFO] Local controller started (wasd to move, space to stop, Enter to toggle state, q to quit)
2026-02-25 16:07:44,965 [INFO] Serial port: /dev/cu.usbmodem2301
2026-02-25 16:07:44,965 [INFO] NOTE: Do NOT start robot_receiver.py at the same time (serial port conflict)
2026-02-25 16:07:44,995 [WARNING] This process is not trusted! Input event monitoring will not be possible until it is added to accessibility clients.
2026-02-25 16:07:50,365 [INFO] Enter key pressed -> sending state toggle command

2026-02-25 16:07:51,293 [INFO] Enter key pressed -> sending state toggle command

2026-02-25 16:07:53,549 [INFO] Enter key pressed -> sending state toggle command

2026-02-25 16:07:54,973 [INFO] Enter key pressed -> sending state toggle command

   2026-02-25 16:07:58,157 [INFO] Enter key pressed -> sending state toggle command

2026-02-25 16:08:00,636 [INFO] Enter key pressed -> sending state toggle command

2026-02-25 16:08:02,205 [INFO] Enter key pressed -> sending state toggle command

2026-02-25 16:08:03,068 [INFO] Enter key pressed -> sending state toggle command

2026-02-25 16:08:03,781 [INFO] Enter key pressed -> sending state toggle command

2026-02-25 16:08:04,365 [INFO] Enter key pressed -> sending state toggle command

2026-02-25 16:08:05,780 [INFO] Enter key pressed -> sending state toggle command

2026-02-25 16:08:06,540 [INFO] Enter key pressed -> sending state toggle command

2026-02-25 16:08:07,108 [INFO] Enter key pressed -> sending state toggle command

2026-02-25 16:08:07,924 [INFO] Enter key pressed -> sending state toggle command

2026-02-25 16:08:08,677 [INFO] Enter key pressed -> sending state toggle command

2026-02-25 16:08:09,178 [INFO] Enter key pressed -> sending state toggle command

2026-02-25 16:08:09,262 [INFO] Enter key pressed -> sending state toggle command

2026-02-25 16:08:09,346 [INFO] Enter key pressed -> sending state toggle command

2026-02-25 16:08:09,430 [INFO] Enter key pressed -> sending state toggle command

2026-02-25 16:08:09,514 [INFO] Enter key pressed -> sending state toggle command

2026-02-25 16:08:09,597 [INFO] Enter key pressed -> sending state toggle command

2026-02-25 16:08:09,681 [INFO] Enter key pressed -> sending state toggle command

2026-02-25 16:08:10,364 [INFO] Enter key pressed -> sending state toggle command

2026-02-25 16:08:11,004 [INFO] Enter key pressed -> sending state toggle command

2026-02-25 16:08:11,772 [INFO] Enter key pressed -> sending state toggle command

2026-02-25 16:08:12,692 [INFO] Enter key pressed -> sending state toggle command

2026-02-25 16:08:13,660 [INFO] Enter key pressed -> sending state toggle command

2026-02-25 16:08:14,828 [INFO] Enter key pressed -> sending state toggle command

2026-02-25 16:08:15,468 [INFO] Enter key pressed -> sending state toggle command

2026-02-25 16:08:18,180 [INFO] Key pressed: 'w' -> sending 'w'
w2026-02-25 16:08:18,244 [WARNING] Emergency stop triggered! Sending space to serial port
2026-02-25 16:08:18,244 [INFO] All keys released, emergency stop sent
2026-02-25 16:08:19,644 [INFO] Enter key pressed -> sending state toggle command

2026-02-25 16:08:20,237 [INFO] Key pressed: 's' -> sending 's'
s2026-02-25 16:08:20,349 [WARNING] Emergency stop triggered! Sending space to serial port
2026-02-25 16:08:20,349 [INFO] All keys released, emergency stop sent
2026-02-25 16:08:20,588 [INFO] Key pressed: 'w' -> sending 'w'
w2026-02-25 16:08:20,677 [WARNING] Emergency stop triggered! Sending space to serial port
2026-02-25 16:08:20,677 [INFO] All keys released, emergency stop sent
2026-02-25 16:08:20,812 [INFO] Key pressed: 's' -> sending 's'
s2026-02-25 16:08:20,925 [WARNING] Emergency stop triggered! Sending space to serial port
2026-02-25 16:08:20,925 [INFO] All keys released, emergency stop sent
        2026-02-25 16:08:23,212 [INFO] Quit key 'q' pressed, exiting...
q2026-02-25 16:08:23,225 [INFO] Keyboard listener stopped
2026-02-25 16:08:23,225 [INFO] Shutting down local controller...
2026-02-25 16:08:23,226 [WARNING] Emergency stop triggered! Sending space to serial port
2026-02-25 16:08:23,226 [INFO] Final emergency stop sent
2026-02-25 16:08:23,292 [INFO] Serial port closed
2026-02-25 16:08:23,292 [INFO] Local controller shut down
2026-02-25 16:08:23,408 [INFO] local_controller.py exited (code 0), terminating others...
2026-02-25 16:08:23,409 [INFO] Terminating all child processes...

========================================
   Farm Robot — Robot-side Launcher
========================================
  1. Local control (serial only)
  2. Local control + camera stream
  3. Remote TCP control
  4. Remote TCP + camera stream

  q. Quit
========================================
Select [1-4 / q]:   Invalid option '', enter 1-4 or q
Select [1-4 / q]:   Invalid option '', enter 1-4 or q
Select [1-4 / q]:   Invalid option '', enter 1-4 or q
Select [1-4 / q]:   Invalid option '', enter 1-4 or q
Select [1-4 / q]:   Invalid option '', enter 1-4 or q
Select [1-4 / q]:   Invalid option '', enter 1-4 or q
Select [1-4 / q]:   Invalid option '', enter 1-4 or q
Select [1-4 / q]:   Invalid option '', enter 1-4 or q
Select [1-4 / q]:   Invalid option '', enter 1-4 or q
Select [1-4 / q]:   Invalid option '', enter 1-4 or q
Select [1-4 / q]:   Invalid option '', enter 1-4 or q
Select [1-4 / q]:   Invalid option '', enter 1-4 or q
Select [1-4 / q]:   Invalid option '', enter 1-4 or q
Select [1-4 / q]:   Invalid option '', enter 1-4 or q
Select [1-4 / q]:   Invalid option '', enter 1-4 or q
Select [1-4 / q]:   Invalid option '', enter 1-4 or q
Select [1-4 / q]:   Invalid option '', enter 1-4 or q
Select [1-4 / q]:   Invalid option '', enter 1-4 or q
Select [1-4 / q]:   Invalid option '', enter 1-4 or q
Select [1-4 / q]:   Invalid option '', enter 1-4 or q
Select [1-4 / q]:   Invalid option '', enter 1-4 or q
Select [1-4 / q]:   Invalid option '', enter 1-4 or q
Select [1-4 / q]:   Invalid option '', enter 1-4 or q
Select [1-4 / q]:   Invalid option '', enter 1-4 or q
Select [1-4 / q]:   Invalid option '', enter 1-4 or q
Select [1-4 / q]:   Invalid option '', enter 1-4 or q
Select [1-4 / q]:   Invalid option '', enter 1-4 or q
Select [1-4 / q]:   Invalid option '', enter 1-4 or q
Select [1-4 / q]:   Invalid option '', enter 1-4 or q
Select [1-4 / q]:   Invalid option 'w', enter 1-4 or q
Select [1-4 / q]: q
  Invalid option 'sws        qq', enter 1-4 or q
Select [1-4 / q]: q
2026-02-25 16:08:27,567 [INFO] Launcher exiting
(temp) paalab@test-164129 00_robot_side % 